<?xml version="1.0" encoding="utf-8"?><testsuites name="pytest tests"><testsuite name="pytest" errors="0" failures="0" skipped="0" tests="25" time="65.168" timestamp="2026-06-05T15:57:15.569620+00:00" hostname="agent-env-013576d1-9ba4-4ae5-835e-ce1e3f937c17"><testcase classname="backend.tests.backend_test_v9.TestPricingV9" name="test_pricing_plans" time="0.275" /><testcase classname="backend.tests.backend_test_v9.TestPricingV9" name="test_pricing_limits" time="0.058" /><testcase classname="backend.tests.backend_test_v9.TestPricingV9" name="test_pricing_addons" time="0.057" /><testcase classname="backend.tests.backend_test_v9.TestPricingV9" name="test_pricing_founder" time="0.059" /><testcase classname="backend.tests.backend_test_v9.TestCheckout" name="test_checkout_ai_edits_3_returns_stripe_url" time="0.981" /><testcase classname="backend.tests.backend_test_v9.TestCheckout" name="test_checkout_founder_50" time="0.371" /><testcase classname="backend.tests.backend_test_v9.TestUsageMe" name="test_fresh_free_user" time="0.069" /><testcase classname="backend.tests.backend_test_v9.TestUsageMe" name="test_requires_auth" time="0.068" /><testcase classname="backend.tests.backend_test_v9.TestAIEditConsume" name="test_free_user_gets_402" time="0.068" /><testcase classname="backend.tests.backend_test_v9.TestCalendarLimit" name="test_eleventh_post_402" time="1.105" /><testcase classname="backend.tests.backend_test_v9.TestCaptionLimit" name="test_caption_fourth_402" time="23.796" /><testcase classname="backend.tests.backend_test_v9.TestPresign" name="test_presign_returns_s3_put_url" time="0.571" /><testcase classname="backend.tests.backend_test_v9.TestPresign" name="test_presign_requires_auth" time="0.070" /><testcase classname="backend.tests.backend_test_v9.TestRenderContract" name="test_render_requires_auth" time="0.067" /><testcase classname="backend.tests.backend_test_v9.TestRenderContract" name="test_render_get_requires_auth" time="0.061" /><testcase classname="backend.tests.backend_test_v9.TestTranscribeContract" name="test_transcribe_requires_auth" time="0.057" /><testcase classname="backend.tests.backend_test_v9.TestCEOCampaigns" name="test_send_campaign_to_free" time="36.023" /><testcase classname="backend.tests.backend_test_v9.TestCEOCampaigns" name="test_list_campaigns" time="0.063" /><testcase classname="backend.tests.backend_test_v9.TestCEOCampaigns" name="test_campaigns_403_for_non_ceo" time="0.065" /><testcase classname="backend.tests.backend_test_v9.TestCEOCampaigns" name="test_dm_to_known_user" time="0.882" /><testcase classname="backend.tests.backend_test_v9.TestCEOAnalytics" name="test_analytics_shape" time="0.060" /><testcase classname="backend.tests.backend_test_v9.TestCEOAnalytics" name="test_analytics_403_for_non_ceo" time="0.052" /><testcase classname="backend.tests.backend_test_v9.TestCEOStudioProjects" name="test_list_projects" time="0.057" /><testcase classname="backend.tests.backend_test_v9.TestCEOStudioProjects" name="test_list_403_for_non_ceo" time="0.056" /><testcase classname="backend.tests.backend_test_v9.TestCEOStudioProjects" name="test_patch_unknown_project_404" time="0.059" /></testsuite></testsuites>