<?xml version="1.0" encoding="utf-8"?><testsuites name="pytest tests"><testsuite name="pytest" errors="0" failures="0" skipped="0" tests="25" time="7.653" timestamp="2026-05-26T01:39:04.704066+00:00" hostname="agent-env-013576d1-9ba4-4ae5-835e-ce1e3f937c17"><testcase classname="backend.tests.backend_test.TestAuth" name="test_health" time="0.173" /><testcase classname="backend.tests.backend_test.TestAuth" name="test_ceo_login" time="0.331" /><testcase classname="backend.tests.backend_test.TestAuth" name="test_register_then_me" time="0.448" /><testcase classname="backend.tests.backend_test.TestAuth" name="test_register_duplicate_email" time="0.105" /><testcase classname="backend.tests.backend_test.TestAuth" name="test_login_invalid" time="0.345" /><testcase classname="backend.tests.backend_test.TestAuth" name="test_me_requires_auth" time="0.109" /><testcase classname="backend.tests.backend_test.TestAuth" name="test_legal_accept_requires_all" time="0.327" /><testcase classname="backend.tests.backend_test.TestAuth" name="test_profile_update" time="0.135" /><testcase classname="backend.tests.backend_test.TestClients" name="test_client_crud" time="0.545" /><testcase classname="backend.tests.backend_test.TestClients" name="test_clients_require_auth" time="0.106" /><testcase classname="backend.tests.backend_test.TestProjects" name="test_project_full_flow" time="1.186" /><testcase classname="backend.tests.backend_test.TestAIEditor" name="test_ai_full_flow" time="0.522" /><testcase classname="backend.tests.backend_test.TestInvoices" name="test_invoice_flow" time="0.485" /><testcase classname="backend.tests.backend_test.TestCommunity" name="test_post_like_comment" time="0.607" /><testcase classname="backend.tests.backend_test.TestCommunity" name="test_members" time="0.114" /><testcase classname="backend.tests.backend_test.TestCommunity" name="test_send_star" time="0.215" /><testcase classname="backend.tests.backend_test.TestCommunity" name="test_star_self_blocked" time="0.104" /><testcase classname="backend.tests.backend_test.TestHelpBot" name="test_match" time="0.107" /><testcase classname="backend.tests.backend_test.TestHelpBot" name="test_no_match" time="0.106" /><testcase classname="backend.tests.backend_test.TestHelpBot" name="test_faq_list" time="0.130" /><testcase classname="backend.tests.backend_test.TestCEO" name="test_overview" time="0.134" /><testcase classname="backend.tests.backend_test.TestCEO" name="test_ceo_endpoints_forbidden_for_non_ceo" time="0.442" /><testcase classname="backend.tests.backend_test.TestCEO" name="test_ceo_users_and_projects" time="0.202" /><testcase classname="backend.tests.backend_test.TestCEO" name="test_ceo_override_and_activity" time="0.329" /><testcase classname="backend.tests.backend_test.TestCEO" name="test_ceo_badge_assign" time="0.243" /></testsuite></testsuites>