<?xml version="1.0" encoding="utf-8"?><testsuites name="pytest tests"><testsuite name="pytest" errors="0" failures="0" skipped="0" tests="17" time="6.255" timestamp="2026-05-28T03:46:08.137051+00:00" hostname="agent-env-013576d1-9ba4-4ae5-835e-ce1e3f937c17"><testcase classname="backend.tests.backend_test_v2.TestPublicWaitlist" name="test_waitlist_signup" time="0.380" /><testcase classname="backend.tests.backend_test_v2.TestPublicWaitlist" name="test_waitlist_invalid_email" time="0.109" /><testcase classname="backend.tests.backend_test_v2.TestPublicWaitlist" name="test_founder_circle" time="0.199" /><testcase classname="backend.tests.backend_test_v2.TestPublicPricingFaq" name="test_pricing" time="0.105" /><testcase classname="backend.tests.backend_test_v2.TestPublicPricingFaq" name="test_public_faq" time="0.140" /><testcase classname="backend.tests.backend_test_v2.TestCEOWaitlistFounders" name="test_role_gating" time="0.984" /><testcase classname="backend.tests.backend_test_v2.TestCEOWaitlistFounders" name="test_ceo_waitlist_list" time="0.670" /><testcase classname="backend.tests.backend_test_v2.TestCEOWaitlistFounders" name="test_ceo_founders_list" time="0.209" /><testcase classname="backend.tests.backend_test_v2.TestCEOFaq" name="test_faq_crud" time="0.640" /><testcase classname="backend.tests.backend_test_v2.TestCEOPricing" name="test_pricing_update_and_stripe_sync" time="0.440" /><testcase classname="backend.tests.backend_test_v2.TestCEOSettings" name="test_settings_get_and_toggle" time="0.335" /><testcase classname="backend.tests.backend_test_v2.TestCEOEmailTemplates" name="test_email_templates" time="0.215" /><testcase classname="backend.tests.backend_test_v2.TestCEOUserAdmin" name="test_patch_user" time="0.243" /><testcase classname="backend.tests.backend_test_v2.TestCEOUserAdmin" name="test_delete_self_blocked" time="0.214" /><testcase classname="backend.tests.backend_test_v2.TestCEOUserAdmin" name="test_delete_user" time="0.554" /><testcase classname="backend.tests.backend_test_v2.TestModeration" name="test_flag_then_resolve" time="0.527" /><testcase classname="backend.tests.backend_test_v2.TestDummyData" name="test_seed_and_clear" time="0.216" /></testsuite></testsuites>