<?xml version="1.0" encoding="utf-8"?><testsuites name="pytest tests"><testsuite name="pytest" errors="0" failures="0" skipped="0" tests="11" time="4.271" timestamp="2026-06-04T21:39:15.812215+00:00" hostname="agent-env-013576d1-9ba4-4ae5-835e-ce1e3f937c17"><testcase classname="backend.tests.backend_test_v8.TestPricingEndpoint" name="test_pricing_returns_v8_defaults" time="0.258" /><testcase classname="backend.tests.backend_test_v8.TestPricingEndpoint" name="test_pricing_founder_block" time="0.054" /><testcase classname="backend.tests.backend_test_v8.TestFounderStatus" name="test_founder_status_shape" time="0.054" /><testcase classname="backend.tests.backend_test_v8.TestFounderStatus" name="test_founder_status_matches_pricing_block" time="0.102" /><testcase classname="backend.tests.backend_test_v8.TestFounderTierPropagation" name="test_checkout_studio_tier_propagates" time="1.111" /><testcase classname="backend.tests.backend_test_v8.TestFounderTierPropagation" name="test_checkout_default_tier_is_creator" time="0.892" /><testcase classname="backend.tests.backend_test_v8.TestFounderTierPropagation" name="test_checkout_creator_tier_explicit" time="0.883" /><testcase classname="backend.tests.backend_test_v8.TestFounderTierPropagation" name="test_invalid_tier_rejected_by_pydantic" time="0.056" /><testcase classname="backend.tests.backend_test_v8.TestFounderCap" name="test_count_helper_under_cap" time="0.050" /><testcase classname="backend.tests.backend_test_v8.TestPricingMigration" name="test_pricing_doc_in_mongo_matches_defaults" time="0.001" /><testcase classname="backend.tests.backend_test_v8.TestRegularCheckoutRegression" name="test_creator_monthly_checkout_creates_tx" time="0.668" /></testsuite></testsuites>