<?xml version="1.0" encoding="utf-8"?><testsuites name="pytest tests"><testsuite name="pytest" errors="0" failures="1" skipped="0" tests="24" time="13.465" timestamp="2026-06-22T22:26:23.017874+00:00" hostname="agent-env-013576d1-9ba4-4ae5-835e-ce1e3f937c17"><testcase classname="backend.tests.backend_test_v11.TestConnectorsCEO" name="test_list_connectors_empty_or_existing" time="0.579" /><testcase classname="backend.tests.backend_test_v11.TestConnectorsCEO" name="test_create_manual_tiktok" time="0.336" /><testcase classname="backend.tests.backend_test_v11.TestConnectorsCEO" name="test_create_manual_x" time="0.278" /><testcase classname="backend.tests.backend_test_v11.TestConnectorsCEO" name="test_create_manual_youtube_as_ceo" time="0.255" /><testcase classname="backend.tests.backend_test_v11.TestConnectorsCEO" name="test_disconnect_connector" time="0.293" /><testcase classname="backend.tests.backend_test_v11.TestConnectorsCEO" name="test_invalid_platform_validation" time="0.116" /><testcase classname="backend.tests.backend_test_v11.TestConnectorsFreeGating" name="test_post_connector_blocked_for_free" time="0.562" /><testcase classname="backend.tests.backend_test_v11.TestConnectorsFreeGating" name="test_oauth_start_blocked_for_free" time="0.100" /><testcase classname="backend.tests.backend_test_v11.TestConnectorsFreeGating" name="test_list_connectors_works_for_free" time="0.119" /><testcase classname="backend.tests.backend_test_v11.TestOAuthStart" name="test_youtube_setup_required" time="0.100" /><testcase classname="backend.tests.backend_test_v11.TestOAuthStart" name="test_instagram_setup_required" time="0.098" /><testcase classname="backend.tests.backend_test_v11.TestOAuthStart" name="test_facebook_setup_required" time="0.101" /><testcase classname="backend.tests.backend_test_v11.TestOAuthStart" name="test_tiktok_no_oauth" time="0.118" /><testcase classname="backend.tests.backend_test_v11.TestOAuthStart" name="test_x_no_oauth" time="0.123" /><testcase classname="backend.tests.backend_test_v11.TestOAuthCallback" name="test_callback_missing_code_redirects" time="0.103" /><testcase classname="backend.tests.backend_test_v11.TestOAuthCallback" name="test_callback_invalid_state" time="0.146" /><testcase classname="backend.tests.backend_test_v11.TestImageGeneration" name="test_generate_image_ceo" time="8.421" /><testcase classname="backend.tests.backend_test_v11.TestImageGeneration" name="test_generate_image_validation_short_prompt" time="0.179" /><testcase classname="backend.tests.backend_test_v11.TestImageGeneration" name="test_generate_image_invalid_aspect" time="0.098" /><testcase classname="backend.tests.backend_test_v11.TestImageGeneration" name="test_generate_image_unauthenticated" time="0.100" /><testcase classname="backend.tests.backend_test_v11.TestRegression" name="test_pricing_still_works" time="0.101" /><testcase classname="backend.tests.backend_test_v11.TestRegression" name="test_usage_me_ceo" time="0.154" /><testcase classname="backend.tests.backend_test_v11.TestRegression" name="test_content_posts_list" time="0.112" /><testcase classname="backend.tests.backend_test_v11.TestRegression" name="test_caption_generate_still_works" time="0.721"><failure message="AssertionError: {&quot;detail&quot;:[{&quot;type&quot;:&quot;missing&quot;,&quot;loc&quot;:[&quot;body&quot;,&quot;topic&quot;],&quot;msg&quot;:&quot;Field required&quot;,&quot;input&quot;:{&quot;prompt&quot;:&quot;A test post about AI video editing&quot;,&quot;platform&quot;:&quot;instagram&quot;},&quot;url&quot;:&quot;https://errors.pydantic.dev/2.13/v/missing&quot;}]}&#10;assert 422 in (200, 502)&#10; +  where 422 = &lt;Response [422]&gt;.status_code">backend/tests/backend_test_v11.py:276: in test_caption_generate_still_works
    assert r.status_code in (200, 502), r.text
E   AssertionError: {"detail":[{"type":"missing","loc":["body","topic"],"msg":"Field required","input":{"prompt":"A test post about AI video editing","platform":"instagram"},"url":"https://errors.pydantic.dev/2.13/v/missing"}]}
E   assert 422 in (200, 502)
E    +  where 422 = &lt;Response [422]&gt;.status_code</failure></testcase></testsuite></testsuites>