<?xml version="1.0" encoding="utf-8"?><testsuites name="pytest tests"><testsuite name="pytest" errors="0" failures="0" skipped="0" tests="10" time="3.023" timestamp="2026-06-04T17:39:33.176520+00:00" hostname="agent-env-013576d1-9ba4-4ae5-835e-ce1e3f937c17"><testcase classname="backend.tests.backend_test_v7.TestCouponValidate" name="test_launch50_valid" time="0.303" /><testcase classname="backend.tests.backend_test_v7.TestCouponValidate" name="test_freecreator_valid" time="0.163" /><testcase classname="backend.tests.backend_test_v7.TestCouponValidate" name="test_invalid_code" time="0.134" /><testcase classname="backend.tests.backend_test_v7.TestCouponValidate" name="test_cross_plan_rejected" time="0.108" /><testcase classname="backend.tests.backend_test_v7.TestCouponValidate" name="test_lowercase_normalized" time="0.127" /><testcase classname="backend.tests.backend_test_v7.TestPaymentsCheckoutCoupon" name="test_freecreator_returns_free_true" time="0.486" /><testcase classname="backend.tests.backend_test_v7.TestPaymentsCheckoutCoupon" name="test_redemption_logged_in_ceo_view" time="0.548" /><testcase classname="backend.tests.backend_test_v7.TestPaymentsCheckoutCoupon" name="test_launch50_real_stripe_session" time="0.750" /><testcase classname="backend.tests.backend_test_v7.TestPaymentsCheckoutCoupon" name="test_invalid_coupon_returns_400" time="0.121" /><testcase classname="backend.tests.backend_test_v7.TestRegisterValidation" name="test_register_missing_lastname" time="0.122" /></testsuite></testsuites>