<?xml version="1.0" encoding="utf-8"?><testsuites name="pytest tests"><testsuite name="pytest" errors="0" failures="0" skipped="0" tests="17" time="5.921" timestamp="2026-05-29T14:27:53.670617+00:00" hostname="agent-env-013576d1-9ba4-4ae5-835e-ce1e3f937c17"><testcase classname="backend.tests.backend_test_v3.TestStripeMockedFlow" name="test_founder_checkout_init" time="0.320" /><testcase classname="backend.tests.backend_test_v3.TestStripeMockedFlow" name="test_checkout_status_auto_finalizes_on_first_poll" time="0.226" /><testcase classname="backend.tests.backend_test_v3.TestStripeMockedFlow" name="test_mock_complete_endpoint" time="0.484" /><testcase classname="backend.tests.backend_test_v3.TestStripeMockedFlow" name="test_invalid_package_rejected" time="0.105" /><testcase classname="backend.tests.backend_test_v3.TestStripeMockedFlow" name="test_webhook_returns_200_in_mock" time="0.107" /><testcase classname="backend.tests.backend_test_v3.TestAffiliateEndpoints" name="test_affiliate_me_requires_auth" time="0.153" /><testcase classname="backend.tests.backend_test_v3.TestAffiliateEndpoints" name="test_affiliate_me_returns_shape" time="0.486" /><testcase classname="backend.tests.backend_test_v3.TestAffiliateEndpoints" name="test_affiliate_lookup_valid_and_invalid" time="0.411" /><testcase classname="backend.tests.backend_test_v3.TestFounderPaidFlow" name="test_founder_checkout_creates_records" time="1.030" /><testcase classname="backend.tests.backend_test_v3.TestCreatorCommission" name="test_creator_monthly_creates_commission" time="0.473" /><testcase classname="backend.tests.backend_test_v3.TestPasswordReset" name="test_full_reset_flow" time="1.219" /><testcase classname="backend.tests.backend_test_v3.TestPasswordReset" name="test_unknown_email_returns_ok_no_leak" time="0.146" /><testcase classname="backend.tests.backend_test_v3.TestPublicContactAndHelp" name="test_contact_emails" time="0.104" /><testcase classname="backend.tests.backend_test_v3.TestPublicContactAndHelp" name="test_public_help_query" time="0.112" /><testcase classname="backend.tests.backend_test_v3.TestCEOv3" name="test_ceo_payments_list" time="0.115" /><testcase classname="backend.tests.backend_test_v3.TestCEOv3" name="test_ceo_affiliates_overview" time="0.117" /><testcase classname="backend.tests.backend_test_v3.TestCEOv3" name="test_ceo_endpoints_block_non_ceo" time="0.243" /></testsuite></testsuites>