<?xml version="1.0" encoding="utf-8"?><testsuites name="pytest tests"><testsuite name="pytest" errors="0" failures="0" skipped="0" tests="15" time="11.044" timestamp="2026-06-01T18:24:05.530539+00:00" hostname="agent-env-013576d1-9ba4-4ae5-835e-ce1e3f937c17"><testcase classname="backend.tests.backend_test_v6.TestRegisterNames" name="test_register_requires_first_and_last" time="0.379" /><testcase classname="backend.tests.backend_test_v6.TestRegisterNames" name="test_register_missing_last_name_422" time="0.104" /><testcase classname="backend.tests.backend_test_v6.TestRegisterNames" name="test_register_empty_last_name_422" time="0.108" /><testcase classname="backend.tests.backend_test_v6.TestAuthMeNames" name="test_ceo_me_has_first_last" time="0.559" /><testcase classname="backend.tests.backend_test_v6.TestAuthMeNames" name="test_fresh_user_me_has_first_last" time="0.454" /><testcase classname="backend.tests.backend_test_v6.TestInvoicesGating" name="test_non_ceo_cannot_create" time="0.112" /><testcase classname="backend.tests.backend_test_v6.TestInvoicesGating" name="test_non_ceo_get_invoices_can_create_false" time="0.107" /><testcase classname="backend.tests.backend_test_v6.TestInvoicesGating" name="test_ceo_get_invoices_can_create_true" time="0.111" /><testcase classname="backend.tests.backend_test_v6.TestContentPostsCRUD" name="test_create_list_patch_delete_owner_scoped" time="0.674" /><testcase classname="backend.tests.backend_test_v6.TestContentPostsCRUD" name="test_other_user_cannot_access" time="0.509" /><testcase classname="backend.tests.backend_test_v6.TestCaptionGen" name="test_unauth_401" time="0.105" /><testcase classname="backend.tests.backend_test_v6.TestCaptionGen" name="test_validation_empty_topic" time="0.135" /><testcase classname="backend.tests.backend_test_v6.TestCaptionGen" name="test_generates_three_captions" time="7.043" /><testcase classname="backend.tests.backend_test_v6.TestCouponsExtended" name="test_non_ceo_403_on_coupons" time="0.316" /><testcase classname="backend.tests.backend_test_v6.TestCouponsExtended" name="test_create_with_promotional_and_group_tag" time="0.234" /></testsuite></testsuites>