<?xml version="1.0" encoding="utf-8"?><testsuites name="pytest tests"><testsuite name="pytest" errors="0" failures="0" skipped="0" tests="13" time="25.574" timestamp="2026-06-09T14:20:50.375882+00:00" hostname="agent-env-013576d1-9ba4-4ae5-835e-ce1e3f937c17"><testcase classname="backend.tests.backend_test_v10.TestUsageMe" name="test_free_user_shape" time="0.494" /><testcase classname="backend.tests.backend_test_v10.TestUsageMe" name="test_ceo_user_unlimited" time="0.396" /><testcase classname="backend.tests.backend_test_v10.TestUsageMe" name="test_usage_me_requires_auth" time="0.113" /><testcase classname="backend.tests.backend_test_v10.TestEditConsume" name="test_free_edit_consume_402_on_4th" time="0.508" /><testcase classname="backend.tests.backend_test_v10.TestEditConsume" name="test_ceo_edit_consume_always_200" time="0.479" /><testcase classname="backend.tests.backend_test_v10.TestAiEditConsume" name="test_free_user_locked_immediately" time="0.421" /><testcase classname="backend.tests.backend_test_v10.TestAiEditConsume" name="test_ceo_unlimited" time="0.465" /><testcase classname="backend.tests.backend_test_v10.TestAiEditConsume" name="test_creator_5_ok_then_402_exhausted" time="0.677" /><testcase classname="backend.tests.backend_test_v10.TestContentLimits" name="test_free_captions_402_on_4th" time="20.654" /><testcase classname="backend.tests.backend_test_v10.TestContentLimits" name="test_free_calendar_402_on_11th" time="0.912" /><testcase classname="backend.tests.backend_test_v10.TestStripeWebhook" name="test_invalid_signature_returns_400" time="0.099" /><testcase classname="backend.tests.backend_test_v10.TestStripeWebhook" name="test_no_signature_accepted_or_400" time="0.093" /><testcase classname="backend.tests.backend_test_v10.TestPricingSmoke" name="test_pricing_returns_v10_addons" time="0.110" /></testsuite></testsuites>