<?xml version="1.0" encoding="utf-8"?><testsuites name="pytest tests"><testsuite name="pytest" errors="0" failures="0" skipped="0" tests="16" time="5.134" timestamp="2026-06-01T16:15:23.353008+00:00" hostname="agent-env-013576d1-9ba4-4ae5-835e-ce1e3f937c17"><testcase classname="backend.tests.backend_test_v5.TestPaymentMode" name="test_payment_mode_is_live" time="0.278" /><testcase classname="backend.tests.backend_test_v5.TestLiveStripeCheckout" name="test_founder_checkout_returns_real_cs_live_url" time="1.264" /><testcase classname="backend.tests.backend_test_v5.TestLiveStripeCheckout" name="test_variant_b_propagates" time="0.558" /><testcase classname="backend.tests.backend_test_v5.TestABImpression" name="test_valid_variants" time="0.245" /><testcase classname="backend.tests.backend_test_v5.TestABImpression" name="test_invalid_variant_400" time="0.114" /><testcase classname="backend.tests.backend_test_v5.TestABImpression" name="test_missing_fields_422" time="0.110" /><testcase classname="backend.tests.backend_test_v5.TestCEOABAnalytics" name="test_requires_auth_returns_401" time="0.118" /><testcase classname="backend.tests.backend_test_v5.TestCEOABAnalytics" name="test_non_ceo_returns_403" time="0.448" /><testcase classname="backend.tests.backend_test_v5.TestCEOABAnalytics" name="test_shape" time="0.110" /><testcase classname="backend.tests.backend_test_v5.TestCEOABAnalytics" name="test_by_referral_code_bucketing" time="0.334" /><testcase classname="backend.tests.backend_test_v5.TestPasswordResetSMTPLive" name="test_ceo_reset_no_dev_link" time="0.867" /><testcase classname="backend.tests.backend_test_v5.TestPasswordResetSMTPLive" name="test_unknown_email_no_leak" time="0.137" /><testcase classname="backend.tests.backend_test_v5.TestRegressionSmoke" name="test_contact_emails" time="0.134" /><testcase classname="backend.tests.backend_test_v5.TestRegressionSmoke" name="test_help_query" time="0.102" /><testcase classname="backend.tests.backend_test_v5.TestRegressionSmoke" name="test_affiliate_me" time="0.109" /><testcase classname="backend.tests.backend_test_v5.TestRegressionSmoke" name="test_ceo_payments_no_id_leak" time="0.117" /></testsuite></testsuites>